0 info it worked if it ends with ok
1 verbose cli [
1 verbose cli   '/data/data/com.termux/files/usr/bin/node',
1 verbose cli   '/data/data/com.termux/files/usr/bin/npm',
1 verbose cli   'i',
1 verbose cli   'herouk'
1 verbose cli ]
2 info using npm@6.14.10
3 info using node@v14.15.4
4 verbose config Skipping project config: /data/data/com.termux/files/home/.npmrc. (matches userconfig)
5 verbose npm-session 4271bdec2ccf0c34
6 silly install loadCurrentTree
7 silly install readLocalPackageData
8 http fetch GET 404 https://registry.npmjs.org/herouk 257ms
9 http fetch GET 404 https://registry.npmjs.org/herouk 72ms
10 silly fetchPackageMetaData error for herouk@latest 404 Not Found - GET https://registry.npmjs.org/herouk - Not found
11 timing stage:rollbackFailedOptional Completed in 3ms
12 timing stage:runTopLevelLifecycles Completed in 2273ms
13 verbose stack Error: 404 Not Found - GET https://registry.npmjs.org/herouk - Not found
13 verbose stack     at /data/data/com.termux/files/usr/lib/node_modules/npm/node_modules/npm-registry-fetch/check-response.js:117:15
13 verbose stack     at processTicksAndRejections (internal/process/task_queues.js:93:5)
14 verbose statusCode 404
15 verbose pkgid herouk@latest
16 verbose cwd /data/data/com.termux/files/home
17 verbose Linux 4.14.141-g6dc03a4
18 verbose argv "/data/data/com.termux/files/usr/bin/node" "/data/data/com.termux/files/usr/bin/npm" "i" "herouk"
19 verbose node v14.15.4
20 verbose npm  v6.14.10
21 error code E404
22 error 404 Not Found - GET https://registry.npmjs.org/herouk - Not found
23 error 404
24 error 404 'herouk@latest' is not in the npm registry.
25 error 404 You should bug the author to publish it (or use the name yourself!)
26 error 404 Note that you can also install from a
27 error 404 tarball, folder, http url, or git url.
28 verbose exit [ 1, true ]
