0 info it worked if it ends with ok
1 verbose cli [
1 verbose cli   '/data/data/com.termux/files/usr/bin/node',
1 verbose cli   '/data/data/com.termux/files/usr/bin/npm',
1 verbose cli   'audit'
1 verbose cli ]
2 info using npm@6.14.10
3 info using node@v14.15.4
4 verbose config Skipping project config: /data/data/com.termux/files/home/.npmrc. (matches userconfig)
5 verbose npm-session c4561ef14dd7ca43
6 verbose stack Error: No package.json found: Cannot audit a project without a package.json
6 verbose stack     at /data/data/com.termux/files/usr/lib/node_modules/npm/lib/audit.js:164:19
6 verbose stack     at tryCatcher (/data/data/com.termux/files/usr/lib/node_modules/npm/node_modules/bluebird/js/release/util.js:16:23)
6 verbose stack     at Promise._settlePromiseFromHandler (/data/data/com.termux/files/usr/lib/node_modules/npm/node_modules/bluebird/js/release/promise.js:514:35)
6 verbose stack     at Promise._settlePromise (/data/data/com.termux/files/usr/lib/node_modules/npm/node_modules/bluebird/js/release/promise.js:574:18)
6 verbose stack     at Promise._settlePromise0 (/data/data/com.termux/files/usr/lib/node_modules/npm/node_modules/bluebird/js/release/promise.js:619:10)
6 verbose stack     at Promise._settlePromises (/data/data/com.termux/files/usr/lib/node_modules/npm/node_modules/bluebird/js/release/promise.js:699:18)
6 verbose stack     at Promise._fulfill (/data/data/com.termux/files/usr/lib/node_modules/npm/node_modules/bluebird/js/release/promise.js:643:18)
6 verbose stack     at PromiseArray._resolve (/data/data/com.termux/files/usr/lib/node_modules/npm/node_modules/bluebird/js/release/promise_array.js:126:19)
6 verbose stack     at PromiseArray._promiseFulfilled (/data/data/com.termux/files/usr/lib/node_modules/npm/node_modules/bluebird/js/release/promise_array.js:144:14)
6 verbose stack     at PromiseArray._iterate (/data/data/com.termux/files/usr/lib/node_modules/npm/node_modules/bluebird/js/release/promise_array.js:114:31)
6 verbose stack     at PromiseArray.init [as _init] (/data/data/com.termux/files/usr/lib/node_modules/npm/node_modules/bluebird/js/release/promise_array.js:78:10)
6 verbose stack     at Promise._settlePromise (/data/data/com.termux/files/usr/lib/node_modules/npm/node_modules/bluebird/js/release/promise.js:571:21)
6 verbose stack     at Promise._settlePromise0 (/data/data/com.termux/files/usr/lib/node_modules/npm/node_modules/bluebird/js/release/promise.js:619:10)
6 verbose stack     at Promise._settlePromises (/data/data/com.termux/files/usr/lib/node_modules/npm/node_modules/bluebird/js/release/promise.js:699:18)
6 verbose stack     at Promise._fulfill (/data/data/com.termux/files/usr/lib/node_modules/npm/node_modules/bluebird/js/release/promise.js:643:18)
6 verbose stack     at PromiseArray._resolve (/data/data/com.termux/files/usr/lib/node_modules/npm/node_modules/bluebird/js/release/promise_array.js:126:19)
7 verbose cwd /data/data/com.termux/files/home
8 verbose Linux 4.14.141-g6dc03a4
9 verbose argv "/data/data/com.termux/files/usr/bin/node" "/data/data/com.termux/files/usr/bin/npm" "audit"
10 verbose node v14.15.4
11 verbose npm  v6.14.10
12 error code EAUDITNOPJSON
13 error audit No package.json found: Cannot audit a project without a package.json
14 verbose exit [ 1, true ]
